c:\users\jozef\desktop\gpassignment\bin\lab1.dir\debug\vc140.pdb
c:\users\jozef\desktop\gpassignment\bin\lab1.dir\debug\main.obj
c:\users\jozef\desktop\gpassignment\bin\lab1.dir\debug\screentext.obj
c:\users\jozef\desktop\gpassignment\bin\lab1.dir\debug\jm_square.obj
c:\users\jozef\desktop\gpassignment\bin\lab1.dir\debug\particlesystem.obj
c:\users\jozef\desktop\gpassignment\bin\lab1.dir\debug\jm_vector2d.obj
c:\users\jozef\desktop\gpassignment\bin\lab1.dir\debug\jm_terrain.obj
c:\users\jozef\desktop\gpassignment\bin\lab1.dir\debug\jm_particle.obj
c:\users\jozef\desktop\gpassignment\bin\lab1.dir\debug\jm_pickup.obj
c:\users\jozef\desktop\gpassignment\bin\lab1.dir\debug\jm_enemy.obj
c:\users\jozef\desktop\gpassignment\bin\cmakefiles\generate.stamp
c:\users\jozef\desktop\gpassignment\bin\lib\lab1.lib
c:\users\jozef\desktop\gpassignment\bin\lib\lab1.exp
c:\users\jozef\desktop\gpassignment\bin\bin\lab1.ilk
c:\users\jozef\desktop\gpassignment\bin\bin\lab1.exe
c:\users\jozef\desktop\gpassignment\bin\bin\lab1.pdb
c:\users\jozef\desktop\gpassignment\bin\lab1.dir\debug\lab1.tlog\cl.command.1.tlog
c:\users\jozef\desktop\gpassignment\bin\lab1.dir\debug\lab1.tlog\cl.read.1.tlog
c:\users\jozef\desktop\gpassignment\bin\lab1.dir\debug\lab1.tlog\cl.write.1.tlog
c:\users\jozef\desktop\gpassignment\bin\lab1.dir\debug\lab1.tlog\custombuild.command.1.tlog
c:\users\jozef\desktop\gpassignment\bin\lab1.dir\debug\lab1.tlog\custombuild.read.1.tlog
c:\users\jozef\desktop\gpassignment\bin\lab1.dir\debug\lab1.tlog\custombuild.write.1.tlog
c:\users\jozef\desktop\gpassignment\bin\lab1.dir\debug\lab1.tlog\lab1.write.1u.tlog
c:\users\jozef\desktop\gpassignment\bin\lab1.dir\debug\lab1.tlog\link.command.1.tlog
c:\users\jozef\desktop\gpassignment\bin\lab1.dir\debug\lab1.tlog\link.read.1.tlog
c:\users\jozef\desktop\gpassignment\bin\lab1.dir\debug\lab1.tlog\link.write.1.tlog
